TN:
SF:src\app.js
FNF:0
FNH:0
DA:1,4
DA:2,4
DA:5,4
DA:7,4
DA:8,4
DA:10,4
DA:11,4
DA:12,4
DA:13,4
DA:15,4
LF:10
LH:10
BRF:0
BRH:0
end_of_record
TN:
SF:src\config\mongoConnect.js
FN:4,(anonymous_0)
FN:5,(anonymous_1)
FNF:2
FNH:1
FNDA:4,(anonymous_0)
FNDA:0,(anonymous_1)
DA:1,5
DA:2,5
DA:4,4
DA:5,0
DA:7,5
LF:5
LH:4
BRF:0
BRH:0
end_of_record
TN:
SF:src\config\schemas\courseSchema.js
FNF:0
FNH:0
DA:1,5
DA:3,5
DA:44,5
DA:46,5
LF:4
LH:4
BRF:0
BRH:0
end_of_record
TN:
SF:src\routes\auth\auth.js
FN:4,(anonymous_0)
FNF:1
FNH:1
FNDA:1,(anonymous_0)
DA:1,4
DA:2,4
DA:4,4
DA:5,1
DA:6,1
DA:7,1
DA:10,4
LF:7
LH:7
BRF:0
BRH:0
end_of_record
TN:
SF:src\routes\courseInfo\courseInfo.js
FN:7,(anonymous_0)
FN:16,(anonymous_1)
FN:25,(anonymous_2)
FN:34,(anonymous_3)
FNF:4
FNH:1
FNDA:3,(anonymous_0)
FNDA:0,(anonymous_1)
FNDA:0,(anonymous_2)
FNDA:0,(anonymous_3)
DA:1,4
DA:2,4
DA:3,4
DA:4,4
DA:7,4
DA:8,3
DA:9,3
DA:10,0
DA:12,3
DA:16,4
DA:17,0
DA:18,0
DA:19,0
DA:21,0
DA:25,4
DA:26,0
DA:27,0
DA:28,0
DA:30,0
DA:34,4
DA:35,0
DA:36,0
DA:37,0
DA:38,0
DA:40,0
DA:44,4
LF:26
LH:12
BRF:0
BRH:0
end_of_record
TN:
SF:src\routes\courses\courses.js
FN:7,(anonymous_0)
FN:12,(anonymous_1)
FN:21,(anonymous_2)
FNF:3
FNH:1
FNDA:3,(anonymous_0)
FNDA:0,(anonymous_1)
FNDA:0,(anonymous_2)
DA:1,4
DA:2,4
DA:3,4
DA:4,4
DA:7,4
DA:8,3
DA:9,3
DA:12,4
DA:13,0
DA:14,0
DA:15,0
DA:17,0
DA:21,4
DA:22,0
DA:23,0
DA:24,0
DA:26,0
DA:30,4
LF:18
LH:10
BRF:0
BRH:0
end_of_record
TN:
SF:src\routes\root\root.js
FN:5,(anonymous_0)
FNF:1
FNH:1
FNDA:3,(anonymous_0)
DA:1,4
DA:2,4
DA:3,4
DA:5,4
DA:6,3
DA:9,4
LF:6
LH:6
BRF:0
BRH:0
end_of_record
TN:
SF:src\service\courses.js
FN:5,(anonymous_0)
FN:6,(anonymous_1)
FN:9,(anonymous_2)
FN:13,(anonymous_3)
FN:17,(anonymous_4)
FN:21,(anonymous_5)
FN:25,(anonymous_6)
FN:29,(anonymous_7)
FNF:8
FNH:4
FNDA:5,(anonymous_0)
FNDA:6,(anonymous_1)
FNDA:0,(anonymous_2)
FNDA:0,(anonymous_3)
FNDA:5,(anonymous_4)
FNDA:0,(anonymous_5)
FNDA:2,(anonymous_6)
FNDA:0,(anonymous_7)
DA:1,5
DA:3,5
DA:6,6
DA:10,0
DA:14,0
DA:18,5
DA:22,0
DA:26,2
DA:30,0
DA:38,5
LF:10
LH:6
BRF:0
BRH:0
end_of_record
